<?xml version="1.0" encoding="UTF-8" ?>
<testsuite tests="1" failures="0" name="fridgeDAOTest" time="0.571" errors="1" skipped="0">
  <properties>
[...]
</properties>
  <testcase classname="fridgeDAOTest" name="fridgeDAOTest" time="0.571">
    <error message="The resourcesXml property does not appear to be a valid file path." type="java.lang.RuntimeException">java.lang.RuntimeException: The resourcesXml property does not appear to be a valid file path.
	at fish.payara.arquillian.container.payara.embedded.PayaraConfiguration$PayaraConfigProcessor.verifyResourcesXml(PayaraConfiguration.java:362)
	at fish.payara.arquillian.container.payara.embedded.PayaraConfiguration$PayaraConfigProcessor.processConfig(PayaraConfiguration.java:271)
	at fish.payara.arquillian.container.payara.embedded.PayaraConfiguration.validate(PayaraConfiguration.java:92)
	at org.jboss.arquillian.container.impl.ContainerImpl.createDeployableConfiguration(ContainerImpl.java:110)
	at org.jboss.arquillian.container.impl.ContainerImpl.setup(ContainerImpl.java:165)
	at org.jboss.arquillian.container.impl.client.container.ContainerLifecycleController$7.perform(ContainerLifecycleController.java:127)
	at org.jboss.arquillian.container.impl.client.container.ContainerLifecycleController$7.perform(ContainerLifecycleController.java:124)
	at org.jboss.arquillian.container.impl.client.container.ContainerLifecycleController.forContainer(ContainerLifecycleController.java:208)
	at org.jboss.arquillian.container.impl.client.container.ContainerLifecycleController.setupContainer(ContainerLifecycleController.java:124)
	at java.base/jdk.internal.reflect.NativeMethodAccessorImpl.invoke0(Native Method)
	at java.base/jdk.internal.reflect.NativeMethodAccessorImpl.invoke(NativeMethodAccessorImpl.java:62)
	at java.base/jdk.internal.reflect.DelegatingMethodAccessorImpl.invoke(DelegatingMethodAccessorImpl.java:43)
	at java.base/java.lang.reflect.Method.invoke(Method.java:566)
	at org.jboss.arquillian.core.impl.ObserverImpl.invoke(ObserverImpl.java:86)
	at org.jboss.arquillian.core.impl.EventContextImpl.invokeObservers(EventContextImpl.java:103)
	at org.jboss.arquillian.core.impl.EventContextImpl.proceed(EventContextImpl.java:90)
	at org.jboss.arquillian.container.impl.client.ContainerDeploymentContextHandler.createContainerContext(ContainerDeploymentContextHandler.java:54)
	at java.base/jdk.internal.reflect.NativeMethodAccessorImpl.invoke0(Native Method)
	at java.base/jdk.internal.reflect.NativeMethodAccessorImpl.invoke(NativeMethodAccessorImpl.java:62)
	at java.base/jdk.internal.reflect.DelegatingMethodAccessorImpl.invoke(DelegatingMethodAccessorImpl.java:43)
	at java.base/java.lang.reflect.Method.invoke(Method.java:566)
	at org.jboss.arquillian.core.impl.ObserverImpl.invoke(ObserverImpl.java:86)
	at org.jboss.arquillian.core.impl.EventContextImpl.proceed(EventContextImpl.java:95)
	at org.jboss.arquillian.core.impl.ManagerImpl.fire(ManagerImpl.java:133)
	at org.jboss.arquillian.core.impl.ManagerImpl.fire(ManagerImpl.java:105)
	at org.jboss.arquillian.core.impl.EventImpl.fire(EventImpl.java:62)
	at org.jboss.arquillian.container.impl.client.container.ContainerLifecycleController$1.perform(ContainerLifecycleController.java:58)
	at org.jboss.arquillian.container.impl.client.container.ContainerLifecycleController$1.perform(ContainerLifecycleController.java:52)
	at org.jboss.arquillian.container.impl.client.container.ContainerLifecycleController.forEachContainer(ContainerLifecycleController.java:172)
	at org.jboss.arquillian.container.impl.client.container.ContainerLifecycleController.setupContainers(ContainerLifecycleController.java:52)
	at java.base/jdk.internal.reflect.NativeMethodAccessorImpl.invoke0(Native Method)
	at java.base/jdk.internal.reflect.NativeMethodAccessorImpl.invoke(NativeMethodAccessorImpl.java:62)
	at java.base/jdk.internal.reflect.DelegatingMethodAccessorImpl.invoke(DelegatingMethodAccessorImpl.java:43)
	at java.base/java.lang.reflect.Method.invoke(Method.java:566)
	at org.jboss.arquillian.core.impl.ObserverImpl.invoke(ObserverImpl.java:86)
	at org.jboss.arquillian.core.impl.EventContextImpl.invokeObservers(EventContextImpl.java:103)
	at org.jboss.arquillian.core.impl.EventContextImpl.proceed(EventContextImpl.java:90)
	at org.jboss.arquillian.core.impl.ManagerImpl.fire(ManagerImpl.java:133)
	at org.jboss.arquillian.core.impl.ManagerImpl.fire(ManagerImpl.java:105)
	at org.jboss.arquillian.core.impl.EventImpl.fire(EventImpl.java:62)
	at org.jboss.arquillian.container.test.impl.client.ContainerEventController.execute(ContainerEventController.java:82)
	at java.base/jdk.internal.reflect.NativeMethodAccessorImpl.invoke0(Native Method)
	at java.base/jdk.internal.reflect.NativeMethodAccessorImpl.invoke(NativeMethodAccessorImpl.java:62)
	at java.base/jdk.internal.reflect.DelegatingMethodAccessorImpl.invoke(DelegatingMethodAccessorImpl.java:43)
	at java.base/java.lang.reflect.Method.invoke(Method.java:566)
	at org.jboss.arquillian.core.impl.ObserverImpl.invoke(ObserverImpl.java:86)
	at org.jboss.arquillian.core.impl.EventContextImpl.invokeObservers(EventContextImpl.java:103)
	at org.jboss.arquillian.core.impl.EventContextImpl.proceed(EventContextImpl.java:90)
	at org.jboss.arquillian.test.impl.TestContextHandler.createSuiteContext(TestContextHandler.java:69)
	at java.base/jdk.internal.reflect.NativeMethodAccessorImpl.invoke0(Native Method)
	at java.base/jdk.internal.reflect.NativeMethodAccessorImpl.invoke(NativeMethodAccessorImpl.java:62)
	at java.base/jdk.internal.reflect.DelegatingMethodAccessorImpl.invoke(DelegatingMethodAccessorImpl.java:43)
	at java.base/java.lang.reflect.Method.invoke(Method.java:566)
	at org.jboss.arquillian.core.impl.ObserverImpl.invoke(ObserverImpl.java:86)
	at org.jboss.arquillian.core.impl.EventContextImpl.proceed(EventContextImpl.java:95)
	at org.jboss.arquillian.core.impl.ManagerImpl.fire(ManagerImpl.java:133)
	at org.jboss.arquillian.core.impl.ManagerImpl.fire(ManagerImpl.java:105)
	at org.jboss.arquillian.test.impl.EventTestRunnerAdaptor.beforeSuite(EventTestRunnerAdaptor.java:70)
	at org.jboss.arquillian.junit.Arquillian.run(Arquillian.java:103)
	at org.apache.maven.surefire.junit4.JUnit4Provider.execute(JUnit4Provider.java:252)
	at org.apache.maven.surefire.junit4.JUnit4Provider.executeTestSet(JUnit4Provider.java:141)
	at org.apache.maven.surefire.junit4.JUnit4Provider.invoke(JUnit4Provider.java:112)
	at java.base/jdk.internal.reflect.NativeMethodAccessorImpl.invoke0(Native Method)
	at java.base/jdk.internal.reflect.NativeMethodAccessorImpl.invoke(NativeMethodAccessorImpl.java:62)
	at java.base/jdk.internal.reflect.DelegatingMethodAccessorImpl.invoke(DelegatingMethodAccessorImpl.java:43)
	at java.base/java.lang.reflect.Method.invoke(Method.java:566)
	at org.apache.maven.surefire.util.ReflectionUtils.invokeMethodWithArray(ReflectionUtils.java:189)
	at org.apache.maven.surefire.booter.ProviderFactory$ProviderProxy.invoke(ProviderFactory.java:165)
	at org.apache.maven.surefire.booter.ProviderFactory.invokeProvider(ProviderFactory.java:85)
	at org.apache.maven.surefire.booter.ForkedBooter.runSuitesInProcess(ForkedBooter.java:115)
	at org.apache.maven.surefire.booter.ForkedBooter.main(ForkedBooter.java:75)
</error>
  </testcase>
</testsuite>